<?xml version="1.0" encoding="UTF-8"?>
<!-- Generated by org.testng.reporters.JUnitReportReporter -->
<testsuite hostname="Fatma" failures="0" tests="1" name="Runner.TestRunner" time="17.974" errors="0" timestamp="2024-10-03T12:25:42 EEST" skipped="0">
  <testcase classname="Runner.TestRunner" name="runScenario" time="17.974"/>
</testsuite> <!-- Runner.TestRunner -->
