<?xml version="1.0" encoding="UTF-8"?>
<!-- Generated by org.testng.reporters.JUnitReportReporter -->
<testsuite hostname="Fatma" failures="0" tests="1" name="Runner.TestRunner" time="7.569" errors="0" timestamp="2024-10-03T17:18:57 EEST" skipped="0">
  <testcase classname="Runner.TestRunner" name="runScenario" time="7.569"/>
</testsuite> <!-- Runner.TestRunner -->
